D:\C++文件保存\HELLO WORLD\DEBUG\HELLO WORLD.EXE
D:\C++文件保存\HELLO WORLD\DEBUG\HELLO WORLD.ILK
D:\C++文件保存\HELLO WORLD\DEBUG\HELLO WORLD.PDB
D:\c++文件保存\Hello World\Hello World\Debug\cl.command.1.tlog
D:\c++文件保存\Hello World\Hello World\Debug\CL.read.1.tlog
D:\c++文件保存\Hello World\Hello World\Debug\CL.write.1.tlog
D:\C++文件保存\HELLO WORLD\HELLO WORLD\DEBUG\HELLO WORLD.EXE.EMBED.MANIFEST
D:\C++文件保存\HELLO WORLD\HELLO WORLD\DEBUG\HELLO WORLD.EXE.EMBED.MANIFEST.RES
D:\C++文件保存\HELLO WORLD\HELLO WORLD\DEBUG\HELLO WORLD.EXE.INTERMEDIATE.MANIFEST
D:\C++文件保存\HELLO WORLD\HELLO WORLD\DEBUG\HELLO WORLD.OBJ
D:\C++文件保存\HELLO WORLD\HELLO WORLD\DEBUG\HELLO WORLD.PCH
D:\c++文件保存\Hello World\Hello World\Debug\Hello World_manifest.rc
D:\c++文件保存\Hello World\Hello World\Debug\link.2712.read.1.tlog
D:\c++文件保存\Hello World\Hello World\Debug\link.2712.write.1.tlog
D:\c++文件保存\Hello World\Hello World\Debug\link.2712-cvtres.read.1.tlog
D:\c++文件保存\Hello World\Hello World\Debug\link.2712-cvtres.write.1.tlog
D:\c++文件保存\Hello World\Hello World\Debug\link.command.1.tlog
D:\c++文件保存\Hello World\Hello World\Debug\link.read.1.tlog
D:\c++文件保存\Hello World\Hello World\Debug\link.write.1.tlog
D:\c++文件保存\Hello World\Hello World\Debug\link-cvtres.read.1.tlog
D:\c++文件保存\Hello World\Hello World\Debug\link-cvtres.write.1.tlog
D:\c++文件保存\Hello World\Hello World\Debug\mt.command.1.tlog
D:\c++文件保存\Hello World\Hello World\Debug\mt.read.1.tlog
D:\c++文件保存\Hello World\Hello World\Debug\mt.write.1.tlog
D:\c++文件保存\Hello World\Hello World\Debug\rc.command.1.tlog
D:\c++文件保存\Hello World\Hello World\Debug\rc.read.1.tlog
D:\c++文件保存\Hello World\Hello World\Debug\rc.write.1.tlog
D:\C++文件保存\HELLO WORLD\HELLO WORLD\DEBUG\STDAFX.OBJ
D:\c++文件保存\Hello World\Hello World\Debug\vc100.idb
D:\C++文件保存\HELLO WORLD\HELLO WORLD\DEBUG\VC100.PDB
